0 info it worked if it ends with ok
1 verbose cli [ 'C:\\Users\\hailingli\\AppData\\Local\\.meteor\\packages\\meteor-tool\\1.4.3_1\\mt-os.windows.x86_32\\dev_bundle\\bin\\node.exe',
1 verbose cli   'C:\\Users\\hailingli\\AppData\\Local\\.meteor\\packages\\meteor-tool\\1.4.3_1\\mt-os.windows.x86_32\\dev_bundle\\lib\\node_modules\\npm\\bin\\npm-cli.js',
1 verbose cli   'run',
1 verbose cli   'start' ]
2 info using npm@4.1.2
3 info using node@v4.7.3
4 verbose stack Error: ENOENT: no such file or directory, open 'C:\Users\hailingli\Documents\GitHub\ShareYourNotes\package.json'
4 verbose stack     at Error (native)
5 verbose cwd C:\Users\hailingli\Documents\GitHub\ShareYourNotes
6 error Windows_NT 10.0.16299
7 error argv "C:\\Users\\hailingli\\AppData\\Local\\.meteor\\packages\\meteor-tool\\1.4.3_1\\mt-os.windows.x86_32\\dev_bundle\\bin\\node.exe" "C:\\Users\\hailingli\\AppData\\Local\\.meteor\\packages\\meteor-tool\\1.4.3_1\\mt-os.windows.x86_32\\dev_bundle\\lib\\node_modules\\npm\\bin\\npm-cli.js" "run" "start"
8 error node v4.7.3
9 error npm  v4.1.2
10 error path C:\Users\hailingli\Documents\GitHub\ShareYourNotes\package.json
11 error code ENOENT
12 error errno -4058
13 error syscall open
14 error enoent ENOENT: no such file or directory, open 'C:\Users\hailingli\Documents\GitHub\ShareYourNotes\package.json'
15 error enoent ENOENT: no such file or directory, open 'C:\Users\hailingli\Documents\GitHub\ShareYourNotes\package.json'
15 error enoent This is most likely not a problem with npm itself
15 error enoent and is related to npm not being able to find a file.
16 verbose exit [ -4058, true ]
